<?xml version="1.0" encoding="UTF-8"?>
<!-- Generated by org.testng.reporters.JUnitReportReporter -->
<testsuite hostname="WTIN06575208L" failures="0" tests="1" name="Project2.Amazon.Testcase14" time="18.008" errors="0" timestamp="2024-03-05T11:46:33 IST" skipped="0">
  <testcase classname="Project2.Amazon.Testcase14" name="Items_qty_delete" time="18.008">
    <system-out>
      <![CDATA[Test case Started
Test case passed]]>
    </system-out>
  </testcase> <!-- Items_qty_delete -->
  <system-out>
    <![CDATA[Test case Started1
Test case Started
Test case passed]]>
  </system-out>
</testsuite> <!-- Project2.Amazon.Testcase14 -->
