<?xml version="1.0" encoding="UTF-8"?>
<!-- Generated by org.testng.reporters.JUnitReportReporter -->
<testsuite hostname="WTIN06575208L" failures="0" tests="1" name="Project2.Amazon.Testcase13" time="44.563" errors="0" timestamp="2024-03-05T14:09:59 IST" skipped="0">
  <testcase classname="Project2.Amazon.Testcase13" name="Items_qty_delete" time="44.563">
    <system-out>
      <![CDATA[Test case Started
Test case passed]]>
    </system-out>
  </testcase> <!-- Items_qty_delete -->
  <system-out>
    <![CDATA[Test case Started1
Test case Started
Test case passed]]>
  </system-out>
</testsuite> <!-- Project2.Amazon.Testcase13 -->
