<?xml version="1.0" encoding="UTF-8"?>
<!-- Generated by org.testng.reporters.JUnitReportReporter -->
<testsuite hostname="WTIN06575208L" failures="0" tests="1" name="Project2.Amazon.Testcase3" time="11.490" errors="0" timestamp="2024-02-18T12:15:11 IST" skipped="0">
  <testcase classname="Project2.Amazon.Testcase3" name="login_with_valid_credentials" time="11.490">
    <system-out>
      <![CDATA[Test case Started
Test case passed]]>
    </system-out>
  </testcase> <!-- login_with_valid_credentials -->
  <system-out>
    <![CDATA[Test case Started1
Test case Started
Test case passed]]>
  </system-out>
</testsuite> <!-- Project2.Amazon.Testcase3 -->
