<?xml version="1.0" encoding="UTF-8"?>
<!-- Generated by org.testng.reporters.JUnitReportReporter -->
<testsuite hostname="WTIN06575208L" failures="0" tests="1" name="Project2.Amazon.Testcase12" time="40.563" errors="0" timestamp="2024-03-04T14:53:04 IST" skipped="0">
  <testcase classname="Project2.Amazon.Testcase12" name="Items_qty_delete" time="40.563">
    <system-out>
      <![CDATA[Test case Started
Test case passed]]>
    </system-out>
  </testcase> <!-- Items_qty_delete -->
  <system-out>
    <![CDATA[Test case Started1
Test case Started
Test case passed]]>
  </system-out>
</testsuite> <!-- Project2.Amazon.Testcase12 -->
