<?xml version="1.0" encoding="UTF-8"?>
<!-- Generated by org.testng.reporters.JUnitReportReporter -->
<testsuite hostname="WTIN06575208L" failures="0" tests="1" name="Project2.Amazon.Testcase6" time="24.129" errors="0" timestamp="2024-02-19T20:18:21 IST" skipped="0">
  <testcase classname="Project2.Amazon.Testcase6" name="Edit_user_progil" time="24.129">
    <system-out>
      <![CDATA[Test case Started
Test case passed]]>
    </system-out>
  </testcase> <!-- Edit_user_progil -->
  <system-out>
    <![CDATA[Test case Started1
Test case Started
Test case passed]]>
  </system-out>
</testsuite> <!-- Project2.Amazon.Testcase6 -->
