<?xml version="1.0" encoding="UTF-8"?>
<!-- Generated by org.testng.reporters.JUnitReportReporter -->
<testsuite hostname="WTIN06575208L" failures="0" tests="1" name="Project2.Amazon.Testcase5" time="14.405" errors="0" timestamp="2024-02-21T09:46:27 IST" skipped="0">
  <testcase classname="Project2.Amazon.Testcase5" name="Edit_user_progil" time="14.405">
    <system-out>
      <![CDATA[Test case Started
Test case passed]]>
    </system-out>
  </testcase> <!-- Edit_user_progil -->
  <system-out>
    <![CDATA[Test case Started1
Test case Started
Test case passed]]>
  </system-out>
</testsuite> <!-- Project2.Amazon.Testcase5 -->
